
> @wodah/burner@0.1.0 build
> next build

   ▲ Next.js 15.5.9

   Creating an optimized production build ...
 ✓ Compiled successfully in 6.2s
   Linting and checking validity of types ...
   Collecting page data ...
   Generating static pages (0/5) ...
   Generating static pages (1/5) 
   Generating static pages (2/5) 
   Generating static pages (3/5) 
 ✓ Generating static pages (5/5)
   Finalizing page optimization ...
   Collecting build traces ...

Route (app)                                 Size  First Load JS
┌ ○ /                                    40.4 kB         143 kB
├ ○ /_not-found                            991 B         103 kB
├ ƒ /api/secret                            131 B         102 kB
├ ƒ /api/secret/[id]                       131 B         102 kB
└ ƒ /s/[id]                              1.29 kB         103 kB
+ First Load JS shared by all             102 kB
  ├ chunks/18-1d63ee0134f9e01b.js          46 kB
  ├ chunks/87c73c54-24122e7b92478d00.js  54.2 kB
  └ other shared chunks (total)          1.87 kB


○  (Static)   prerendered as static content
ƒ  (Dynamic)  server-rendered on demand

