
> @wodah/diffraction@0.1.0 build
> next build

   ▲ Next.js 15.5.9

   Creating an optimized production build ...
 ✓ Compiled successfully in 13.9s
   Linting and checking validity of types ...
   Collecting page data ...
   Generating static pages (0/4) ...
   Generating static pages (1/4) 
   Generating static pages (2/4) 
   Generating static pages (3/4) 
 ✓ Generating static pages (4/4)
   Finalizing page optimization ...
   Collecting build traces ...

Route (app)                                 Size  First Load JS
┌ ○ /                                    3.73 kB         106 kB
└ ○ /_not-found                            991 B         103 kB
+ First Load JS shared by all             102 kB
  ├ chunks/18-1d63ee0134f9e01b.js          46 kB
  ├ chunks/87c73c54-24122e7b92478d00.js  54.2 kB
  └ other shared chunks (total)          2.07 kB


○  (Static)  prerendered as static content

